2024-12-08T16:22:03.641-08:00  INFO 88052 --- [IVF Success Rate Calculator] [restartedMain] c.p.i.IvfCalculatorApplication           : Starting IvfCalculatorApplication using Java 17.0.12 with PID 88052 (H:\Harini_interview_prep\Interview process\Sunfish\ivf-calculator\target\classes started by harin in H:\Harini_interview_prep\Interview process\Sunfish\ivf-calculator)
2024-12-08T16:22:03.644-08:00  INFO 88052 --- [IVF Success Rate Calculator] [restartedMain] c.p.i.IvfCalculatorApplication           : No active profile set, falling back to 1 default profile: "default"
2024-12-08T16:22:03.725-08:00  INFO 88052 --- [IVF Success Rate Calculator] [restartedMain] .e.DevToolsPropertyDefaultsPostProcessor : Devtools property defaults active! Set 'spring.devtools.add-properties' to 'false' to disable
2024-12-08T16:22:03.726-08:00  INFO 88052 --- [IVF Success Rate Calculator] [restartedMain] .e.DevToolsPropertyDefaultsPostProcessor : For additional web related logging consider setting the 'logging.level.web' property to 'DEBUG'
2024-12-08T16:22:05.193-08:00  INFO 88052 --- [IVF Success Rate Calculator] [restartedMain] o.s.b.w.embedded.tomcat.TomcatWebServer  : Tomcat initialized with port 8080 (http)
2024-12-08T16:22:05.209-08:00  INFO 88052 --- [IVF Success Rate Calculator] [restartedMain] o.apache.catalina.core.StandardService   : Starting service [Tomcat]
2024-12-08T16:22:05.209-08:00  INFO 88052 --- [IVF Success Rate Calculator] [restartedMain] o.apache.catalina.core.StandardEngine    : Starting Servlet engine: [Apache Tomcat/10.1.33]
2024-12-08T16:22:05.281-08:00  INFO 88052 --- [IVF Success Rate Calculator] [restartedMain] o.a.c.c.C.[Tomcat].[localhost].[/]       : Initializing Spring embedded WebApplicationContext
2024-12-08T16:22:05.283-08:00  INFO 88052 --- [IVF Success Rate Calculator] [restartedMain] w.s.c.ServletWebServerApplicationContext : Root WebApplicationContext: initialization completed in 1556 ms
2024-12-08T16:22:05.358-08:00  INFO 88052 --- [IVF Success Rate Calculator] [restartedMain] c.project.ivf_calculator.Util.CsvLoader  : Starting to load IVF formulas from CSV file.
2024-12-08T16:22:05.527-08:00  INFO 88052 --- [IVF Success Rate Calculator] [restartedMain] c.project.ivf_calculator.Util.CsvLoader  : Successfully loaded 6 formulas from CSV file.
2024-12-08T16:22:05.685-08:00  INFO 88052 --- [IVF Success Rate Calculator] [restartedMain] o.s.b.a.w.s.WelcomePageHandlerMapping    : Adding welcome page: class path resource [static/index.html]
2024-12-08T16:22:06.097-08:00  INFO 88052 --- [IVF Success Rate Calculator] [restartedMain] o.s.b.d.a.OptionalLiveReloadServer       : LiveReload server is running on port 35729
2024-12-08T16:22:06.152-08:00  INFO 88052 --- [IVF Success Rate Calculator] [restartedMain] o.s.b.w.embedded.tomcat.TomcatWebServer  : Tomcat started on port 8080 (http) with context path '/'
2024-12-08T16:22:06.166-08:00  INFO 88052 --- [IVF Success Rate Calculator] [restartedMain] c.p.i.IvfCalculatorApplication           : Started IvfCalculatorApplication in 3.083 seconds (process running for 3.697)
2024-12-08T16:28:21.441-08:00  INFO 88052 --- [IVF Success Rate Calculator] [SpringApplicationShutdownHook] o.s.b.w.e.tomcat.GracefulShutdown        : Commencing graceful shutdown. Waiting for active requests to complete
2024-12-08T16:28:21.537-08:00  INFO 88052 --- [IVF Success Rate Calculator] [tomcat-shutdown] o.s.b.w.e.tomcat.GracefulShutdown        : Graceful shutdown complete
2024-12-08T16:28:27.378-08:00  INFO 63780 --- [IVF Success Rate Calculator] [restartedMain] c.p.i.IvfCalculatorApplication           : Starting IvfCalculatorApplication using Java 17.0.12 with PID 63780 (H:\Harini_interview_prep\Interview process\Sunfish\ivf-calculator\target\classes started by harin in H:\Harini_interview_prep\Interview process\Sunfish\ivf-calculator)
2024-12-08T16:28:27.381-08:00  INFO 63780 --- [IVF Success Rate Calculator] [restartedMain] c.p.i.IvfCalculatorApplication           : No active profile set, falling back to 1 default profile: "default"
2024-12-08T16:28:27.464-08:00  INFO 63780 --- [IVF Success Rate Calculator] [restartedMain] .e.DevToolsPropertyDefaultsPostProcessor : Devtools property defaults active! Set 'spring.devtools.add-properties' to 'false' to disable
2024-12-08T16:28:27.464-08:00  INFO 63780 --- [IVF Success Rate Calculator] [restartedMain] .e.DevToolsPropertyDefaultsPostProcessor : For additional web related logging consider setting the 'logging.level.web' property to 'DEBUG'
2024-12-08T16:28:28.923-08:00  INFO 63780 --- [IVF Success Rate Calculator] [restartedMain] o.s.b.w.embedded.tomcat.TomcatWebServer  : Tomcat initialized with port 8080 (http)
2024-12-08T16:28:28.942-08:00  INFO 63780 --- [IVF Success Rate Calculator] [restartedMain] o.apache.catalina.core.StandardService   : Starting service [Tomcat]
2024-12-08T16:28:28.942-08:00  INFO 63780 --- [IVF Success Rate Calculator] [restartedMain] o.apache.catalina.core.StandardEngine    : Starting Servlet engine: [Apache Tomcat/10.1.33]
2024-12-08T16:28:28.999-08:00  INFO 63780 --- [IVF Success Rate Calculator] [restartedMain] o.a.c.c.C.[Tomcat].[localhost].[/]       : Initializing Spring embedded WebApplicationContext
2024-12-08T16:28:28.999-08:00  INFO 63780 --- [IVF Success Rate Calculator] [restartedMain] w.s.c.ServletWebServerApplicationContext : Root WebApplicationContext: initialization completed in 1534 ms
2024-12-08T16:28:29.078-08:00  INFO 63780 --- [IVF Success Rate Calculator] [restartedMain] c.project.ivf_calculator.Util.CsvLoader  : Starting to load IVF formulas from CSV file.
2024-12-08T16:28:29.206-08:00  INFO 63780 --- [IVF Success Rate Calculator] [restartedMain] c.project.ivf_calculator.Util.CsvLoader  : Successfully loaded 6 formulas from CSV file.
2024-12-08T16:28:29.349-08:00  INFO 63780 --- [IVF Success Rate Calculator] [restartedMain] o.s.b.a.w.s.WelcomePageHandlerMapping    : Adding welcome page: class path resource [static/index.html]
2024-12-08T16:28:29.751-08:00  INFO 63780 --- [IVF Success Rate Calculator] [restartedMain] o.s.b.d.a.OptionalLiveReloadServer       : LiveReload server is running on port 35729
2024-12-08T16:28:29.806-08:00  INFO 63780 --- [IVF Success Rate Calculator] [restartedMain] o.s.b.w.embedded.tomcat.TomcatWebServer  : Tomcat started on port 8080 (http) with context path '/'
2024-12-08T16:28:29.818-08:00  INFO 63780 --- [IVF Success Rate Calculator] [restartedMain] c.p.i.IvfCalculatorApplication           : Started IvfCalculatorApplication in 2.978 seconds (process running for 3.599)
2024-12-08T16:28:35.333-08:00  INFO 63780 --- [IVF Success Rate Calculator] [http-nio-8080-exec-2] o.a.c.c.C.[Tomcat].[localhost].[/]       : Initializing Spring DispatcherServlet 'dispatcherServlet'
2024-12-08T16:28:35.334-08:00  INFO 63780 --- [IVF Success Rate Calculator] [http-nio-8080-exec-2] o.s.web.servlet.DispatcherServlet        : Initializing Servlet 'dispatcherServlet'
2024-12-08T16:28:35.339-08:00  INFO 63780 --- [IVF Success Rate Calculator] [http-nio-8080-exec-2] o.s.web.servlet.DispatcherServlet        : Completed initialization in 4 ms
2024-12-08T16:28:51.908-08:00  INFO 63780 --- [IVF Success Rate Calculator] [http-nio-8080-exec-6] c.p.i.Service.IVFCalculatorService       : Calculating IVF success rate for input: com.project.ivf_calculator.Model.UserInput@64ddb5cf
2024-12-08T16:28:51.911-08:00  INFO 63780 --- [IVF Success Rate Calculator] [http-nio-8080-exec-6] c.p.i.Service.FormulaSelector            : Selecting formula with usingOwnEggs: true, attemptedIVFPreviously: true, reasonForInfertilityKnown: true
2024-12-08T16:28:51.915-08:00  INFO 63780 --- [IVF Success Rate Calculator] [http-nio-8080-exec-6] c.p.i.Service.IVFCalculatorService       : Calculated success rate: 0.576039115237764
2024-12-08T16:28:51.916-08:00  INFO 63780 --- [IVF Success Rate Calculator] [http-nio-8080-exec-6] c.p.i.C.IVFCalculatorController          : Successfully calculated success rate: 0.576039115237764
2024-12-08T16:29:28.951-08:00  INFO 63780 --- [IVF Success Rate Calculator] [SpringApplicationShutdownHook] o.s.b.w.e.tomcat.GracefulShutdown        : Commencing graceful shutdown. Waiting for active requests to complete
2024-12-08T16:29:29.019-08:00  INFO 63780 --- [IVF Success Rate Calculator] [tomcat-shutdown] o.s.b.w.e.tomcat.GracefulShutdown        : Graceful shutdown complete
